155822 DEBUG [2015-10-17 14:55:26]  Request:
155822 DEBUG [2015-10-17 14:55:26]  GET:https://api.weibo.com/2/place/user_timeline.json
155824 DEBUG [2015-10-17 14:55:26]  Authorization: OAuth2 2.00owJ9cFnCdKRD2a83307b23e8PHVE
155824 DEBUG [2015-10-17 14:55:26]  API-RemoteIP: 192.168.1.34
157430 DEBUG [2015-10-17 14:55:28]  Response:
157430 DEBUG [2015-10-17 14:55:28]  https StatusCode:200
157430 DEBUG [2015-10-17 14:55:28]  Server:nginx/1.6.1
157431 DEBUG [2015-10-17 14:55:28]  Date:Sat, 17 Oct 2015 12:55:26 GMT
157431 DEBUG [2015-10-17 14:55:28]  Content-Type:text/html;charset=utf-8
157431 DEBUG [2015-10-17 14:55:28]  Content-Length:2
157431 DEBUG [2015-10-17 14:55:28]  Connection:keep-alive
157431 DEBUG [2015-10-17 14:55:28]  SINA-LB:aGEuMjAyLmcxLnloZy5sYi5zaW5hbm9kZS5jb20=
157432 DEBUG [2015-10-17 14:55:28]  SINA-TS:N2VjNGMzNjggMCAxMDAwIDEwMDAgOCAyMwo=
157432 DEBUG [2015-10-17 14:55:28]  SINA-LB:aGEuMTY4LmcxLmh5ZHMubGIuc2luYW5vZGUuY29t
157432 DEBUG [2015-10-17 14:55:28]  SINA-TS:OTcwOWMzNjggMCAzNiAzNiAyIDEwNzIK
157432 DEBUG [2015-10-17 14:55:28]  []

160441 DEBUG [2015-10-17 14:55:31]  Request:
160442 DEBUG [2015-10-17 14:55:31]  GET:https://api.weibo.com/2/place/user_timeline.json
160443 DEBUG [2015-10-17 14:55:31]  Authorization: OAuth2 2.002bnvMC7F_iCDa8e0d10b080xPTzE
160443 DEBUG [2015-10-17 14:55:31]  API-RemoteIP: 192.168.1.34
160978 DEBUG [2015-10-17 14:55:31]  Response:
160979 DEBUG [2015-10-17 14:55:31]  https StatusCode:200
160979 DEBUG [2015-10-17 14:55:31]  Server:nginx/1.6.1
160979 DEBUG [2015-10-17 14:55:31]  Date:Sat, 17 Oct 2015 12:55:30 GMT
160979 DEBUG [2015-10-17 14:55:31]  Content-Type:text/html;charset=utf-8
160980 DEBUG [2015-10-17 14:55:31]  Content-Length:7418
160980 DEBUG [2015-10-17 14:55:31]  Connection:keep-alive
160980 DEBUG [2015-10-17 14:55:31]  SINA-LB:aGEuNDkuZzEueWhnLmxiLnNpbmFub2RlLmNvbQ==
160981 DEBUG [2015-10-17 14:55:31]  SINA-TS:YmFlM2RlY2UgMCAwIDAgOCA1Ngo=
160981 DEBUG [2015-10-17 14:55:31]  SINA-LB:aGEuMTY5LmcxLmh5ZHMubGIuc2luYW5vZGUuY29t
160981 DEBUG [2015-10-17 14:55:31]  SINA-TS:OTQwOWMzNjggMCAzNiAzNiA0IDEwNwo=
160982 DEBUG [2015-10-17 14:55:31]  {"statuses":[{"created_at":"Thu Oct 08 15:09:34 +0800 2015","id":"3895689316605677","mid":"3895689316605677","idstr":"3895689316605677","text":"[\u7b11\u54c8\u54c8][\u7b11\u54c8\u54c8] http:\/\/t.cn\/R2WxEin","source_allowclick":0,"source_type":1,"source":"<a href=\"http:\/\/app.weibo.com\/t\/feed\/4d8JpP\" rel=\"nofollow\">\u4e09\u661fGalaxy SIII<\/a>","favorited":false,"truncated":false,"in_reply_to_status_id":"","in_reply_to_user_id":"","in_reply_to_screen_name":"","pic_ids":["005E6w6ngw1ewtqsoxw3dj30h00moacv","005E6w6ngw1ewtqsg1b1sj30xc18gwnv","005E6w6ngw1ewtqsjntydj30xc18gth0","005E6w6ngw1ewtqsnhrekj30xc18gn5w"],"thumbnail_pic":"http:\/\/ww3.sinaimg.cn\/thumbnail\/005E6w6ngw1ewtqsoxw3dj30h00moacv.jpg","bmiddle_pic":"http:\/\/ww3.sinaimg.cn\/bmiddle\/005E6w6ngw1ewtqsoxw3dj30h00moacv.jpg","original_pic":"http:\/\/ww3.sinaimg.cn\/large\/005E6w6ngw1ewtqsoxw3dj30h00moacv.jpg","geo":{"type":"Point","coordinates":[22.58443,114.11791]},"user":{"id":"5173270971","idstr":"5173270971","class":1,"screen_name":"\u5353\u96e8\u534e","name":"\u5353\u96e8\u534e","province":"44","city":"3","location":"\u5e7f\u4e1c \u6df1\u5733","description":"","url":"","profile_image_url":"http:\/\/tp4.sinaimg.cn\/5173270971\/50\/5709796234\/0","profile_url":"u\/5173270971","domain":"","weihao":"","gender":"f","followers_count":9,"friends_count":28,"pagefriends_count":0,"statuses_count":10,"favourites_count":0,"created_at":"Mon Jun 09 12:41:33 +0800 2014","following":false,"allow_all_act_msg":false,"geo_enabled":true,"verified":false,"verified_type":-1,"remark":"","ptype":0,"allow_all_comment":true,"avatar_large":"http:\/\/tp4.sinaimg.cn\/5173270971\/180\/5709796234\/0","avatar_hd":"http:\/\/ww4.sinaimg.cn\/crop.0.0.720.720.1024\/005E6w6njw8elvk2d5mbaj30k00k0ta7.jpg","verified_reason":"","verified_trade":"","verified_reason_url":"","verified_source":"","verified_source_url":"","follow_me":false,"online_status":0,"bi_followers_count":7,"lang":"zh-cn","star":0,"mbtype":0,"mbrank":0,"block_word":0,"block_app":0,"level":1,"type":1,"ulevel":0,"badge":{"uc_domain":0,"enterprise":0,"anniversary":0,"taobao":0,"travel2013":0,"gongyi":0,"gongyi_level":0,"bind_taobao":0,"hongbao_2014":0,"suishoupai_2014":0,"dailv":0,"zongyiji":1,"pzsd_2015":0,"shuang11_2015":0},"badge_top":"","has_ability_tag":0,"extend":{"privacy":{"mobile":1},"mbprivilege":"0000000000000000000000000000000000000000000000000000000000000000"},"credit_score":80,"user_ability":0,"urank":12},"annotations":[{"place":{"lon":114.11791,"poiid":"8008644030000000000","title":"\u6df1\u5733\u5e02","type":"checkin","lat":22.58443},"client_mblogid":"21b841f6-cc16-4dbf-9fe2-8439efef53f9"},{"mapi_request":true}],"filterID":"0:131,1:106","reposts_count":0,"comments_count":0,"attitudes_count":3,"liked":true,"mlevel":0,"visible":{"type":0,"list_id":0},"biz_ids":[100101],"biz_feature":4294967300,"url_objects":[{"url_ori":"http:\/\/t.cn\/R2WxEin","object_id":"1022:1001018008644030000000000","info":{"url_short":"http:\/\/t.cn\/R2WxEin","url_long":"http:\/\/weibo.com\/p\/1001018008644030000000000","type":36,"result":true,"title":"","description":"","last_modified":1445034039,"transcode":0},"object":{"object_id":"1022:1001018008644030000000000","containerid":"1001018008644030000000000","object_domain_id":"1022","object_type":"place","safe_status":1,"show_status":"10","act_status":"00","last_modified":"Sat Oct 17 06:20:39 CST 2015","timestamp":1445034039244,"uuid":3852495284663521,"activate_status":"0","object":{"summary":"\u6df1\u5733\uff0c\u522b\u79f0\u9e4f\u57ce\uff0c\u5e7f\u4e1c\u7701\u526f\u7701\u7ea7\u5e02\uff0c\u4e2d\u56fd\u56fd\u5bb6\u533a\u57df\u4e2d\u5fc3\u57ce\u5e02\uff0c\u56fd\u9645\u82b1\u56ed\u57ce\u5e02\uff0c\u4e2d\u56fd\u56db\u5927\u4e00\u7ebf\u57ce\u5e02\u4e4b\u4e00\u3002\u6df1\u5733\u5730\u5904\u5e7f\u4e1c\u7701\u5357\u90e8\uff0c\u73e0\u6c5f\u4e09\u89d2\u6d32\u4e1c\u5cb8\uff0c\u4e0e\u9999\u6e2f\u4e00\u6c34\u4e4b\u9694\uff0c\u4e1c\u4e34\u5927\u4e9a\u6e7e\u548c\u5927\u9e4f\u6e7e\uff0c\u897f\u6fd2\u73e0\u6c5f\u53e3\u548c\u4f36\u4ec3\u6d0b\uff0c\u5357\u9694\u6df1\u5733\u6cb3\u4e0e\u9999\u6e2f\u76f8\u8fde\uff0c\u5317\u90e8\u4e0e\u4e1c\u839e\u3001\u60e0\u5dde\u63a5\u58e4\u3002\u00a0\u00a0\u00a0 \u6df1\u5733\u662f\u4e2d\u56fd\u6539\u9769\u5f00\u653e\u5efa\u7acb\u7684\u7b2c\u4e00\u4e2a\u7ecf\u6d4e\u7279\u533a\uff0c\u662f\u4e2d\u56fd\u6539\u9769\u5f00\u653e\u7684\u7a97\u53e3\uff0c\u5df2\u53d1\u5c55\u4e3a\u6709\u4e00\u5b9a\u5f71\u54cd\u529b\u7684\u56fd\u9645\u5316\u57ce\u5e02\uff0c\u521b\u9020\u4e86\u4e3e\u4e16\u77a9\u76ee\u7684\u201c\u6df1\u5733\u901f\u5ea6\u201d\uff0c\u540c\u65f6\u4eab\u6709\u201c\u8bbe\u8ba1\u4e4b\u90fd\u201d\u3001\u201c\u94a2\u7434\u4e4b\u57ce\u201d\u3001\u201c\u521b...","image":{"width":"88","url":"http:\/\/ww1.sinaimg.cn\/wap180\/4e704b16jw1esr3h2i6t8j20ao0aodhj.jpg","height":"88"},"biz":{"biz_id":"100101","containerid":"1001018008644030000000000"},"address":{"country":"\u4e2d\u56fd","street_address":"\u6df1\u5733\uff0c\u522b\u79f0\u9e4f\u57ce\uff0c\u5e7f\u4e1c\u7701\u526f\u7701\u7ea7\u5e02\uff0c...","formatted":"\u6df1\u5733\uff0c\u522b\u79f0\u9e4f\u57ce\uff0c\u5e7f\u4e1c\u7701\u526f\u7701...","locality":"\u6df1\u5733\u5e02","telephone":"","fax":"","postal_code":"","region":"\u5e7f\u4e1c\u7701","email":""},"object_type":"place","target_url":"http:\/\/weibo.cn\/pages\/1001018008644030000000000","mobile":{"page_id":"1001018008644030000000000","card":{"scheme":"sinaweibo:\/\/pageinfo?pageid=1001018008644030000000000&title=\u5546\u5708","contents":["\u6df1\u5733\u5e02","\u6df1\u5733\uff0c\u522b\u79f0\u9e4f\u57ce\uff0c\u5e7f\u4e1c\u7701\u526f\u7701\u7ea7\u5e02\uff0c\u4e2d\u56fd\u56fd\u5bb6\u533a\u57df\u4e2d\u5fc3\u57ce\u5e02\uff0c\u56fd\u9645\u82b1\u56ed\u57ce\u5e02\uff0c\u4e2d\u56fd\u56db\u5927\u4e00\u7ebf\u57ce\u5e02\u4e4b\u4e00\u3002\u6df1\u5733\u5730\u5904\u5e7f\u4e1c\u7701\u5357\u90e8\uff0c\u73e0\u6c5f\u4e09\u89d2\u6d32\u4e1c\u5cb8\uff0c\u4e0e\u9999\u6e2f\u4e00\u6c34\u4e4b\u9694\uff0c\u4e1c\u4e34\u5927\u4e9a\u6e7e\u548c\u5927\u9e4f\u6e7e\uff0c\u897f\u6fd2\u73e0\u6c5f\u53e3\u548c\u4f36\u4ec3\u6d0b\uff0c\u5357\u9694\u6df1\u5733\u6cb3\u4e0e\u9999\u6e2f\u76f8\u8fde\uff0c\u5317\u90e8\u4e0e\u4e1c\u839e\u3001\u60e0\u5dde\u63a5\u58e4\u3002\u00a0\u00a0\u00a0 \u6df1\u5733\u662f\u4e2d\u56fd\u6539\u9769\u5f00\u653e\u5efa\u7acb\u7684\u7b2c\u4e00\u4e2a\u7ecf\u6d4e\u7279\u533a\uff0c\u662f\u4e2d\u56fd\u6539\u9769\u5f00\u653e\u7684\u7a97\u53e3\uff0c\u5df2\u53d1\u5c55\u4e3a\u6709\u4e00\u5b9a\u5f71\u54cd\u529b\u7684\u56fd\u9645\u5316\u57ce\u5e02\uff0c\u521b\u9020\u4e86\u4e3e\u4e16\u77a9\u76ee\u7684\u201c\u6df1\u5733\u901f\u5ea6\u201d\uff0c\u540c\u65f6\u4eab\u6709\u201c\u8bbe\u8ba1\u4e4b\u90fd\u201d\u3001\u201c\u94a2\u7434\u4e4b\u57ce\u201d\u3001\u201c\u521b...","15138190\u6761\u5fae\u535a"],"is_asyn":0,"pic":"http:\/\/ww1.sinaimg.cn\/wap180\/4e704b16jw1esr3h2i6t8j20ao0aodhj.jpg","type":0,"status":1},"url":{"scheme":"sinaweibo:\/\/pageinfo?pageid=1001018008644030000000000&title=\u5546\u5708","name":"\u6df1\u5733\u5e02","status":1}},"id":"1022:1001018008644030000000000","position":"22.547 114.085947","display_name":"\u6df1\u5733\u5e02","keyword":"\u6df1\u5733\u5e02[\u5730\u70b9]","url":"http:\/\/weibo.cn\/pages\/1001018008644030000000000"}},"like_count":2451,"follower_count":0,"asso_like_count":0,"card_info_un_integrity":false}],"darwin_tags":[],"rid":"0_0_100101_2789454883674028874","userType":0}],"total_number":"1","states":[{"id":"3895689316605677","state":0}]}

163986 DEBUG [2015-10-17 14:55:34]  Request:
163986 DEBUG [2015-10-17 14:55:34]  GET:https://api.weibo.com/2/place/user_timeline.json
163988 DEBUG [2015-10-17 14:55:34]  Authorization: OAuth2 2.002bnvMCoNu6rD44e681008c3k4GAD
163989 DEBUG [2015-10-17 14:55:34]  API-RemoteIP: 192.168.1.34
164460 DEBUG [2015-10-17 14:55:35]  Response:
164461 DEBUG [2015-10-17 14:55:35]  https StatusCode:200
164461 DEBUG [2015-10-17 14:55:35]  Server:nginx/1.6.1
164461 DEBUG [2015-10-17 14:55:35]  Date:Sat, 17 Oct 2015 12:55:33 GMT
164462 DEBUG [2015-10-17 14:55:35]  Content-Type:text/html;charset=utf-8
164462 DEBUG [2015-10-17 14:55:35]  Content-Length:2
164462 DEBUG [2015-10-17 14:55:35]  Connection:keep-alive
164462 DEBUG [2015-10-17 14:55:35]  SINA-LB:aGEuMjAxLmcxLnloZy5sYi5zaW5hbm9kZS5jb20=
164462 DEBUG [2015-10-17 14:55:35]  SINA-TS:MjdjMWMzNjggMCAwIDAgOCAyOQo=
164462 DEBUG [2015-10-17 14:55:35]  SINA-LB:aGEuMTY5LmcxLmh5ZHMubGIuc2luYW5vZGUuY29t
164463 DEBUG [2015-10-17 14:55:35]  SINA-TS:OTQwOWMzNjggMCAzNiAzNiA2IDgxCg==
164463 DEBUG [2015-10-17 14:55:35]  []

167468 DEBUG [2015-10-17 14:55:38]  Request:
167468 DEBUG [2015-10-17 14:55:38]  GET:https://api.weibo.com/2/place/user_timeline.json
167469 DEBUG [2015-10-17 14:55:38]  Authorization: OAuth2 2.00owJ9cFI7YdIB1bf286fe6fKQtH_E
167469 DEBUG [2015-10-17 14:55:38]  API-RemoteIP: 192.168.1.34
167964 DEBUG [2015-10-17 14:55:38]  Response:
167964 DEBUG [2015-10-17 14:55:38]  https StatusCode:200
167964 DEBUG [2015-10-17 14:55:38]  Server:nginx/1.6.1
167965 DEBUG [2015-10-17 14:55:38]  Date:Sat, 17 Oct 2015 12:55:37 GMT
167965 DEBUG [2015-10-17 14:55:38]  Content-Type:text/html;charset=utf-8
167965 DEBUG [2015-10-17 14:55:38]  Content-Length:5222
167965 DEBUG [2015-10-17 14:55:38]  Connection:keep-alive
167966 DEBUG [2015-10-17 14:55:38]  SINA-LB:aGEuMTIzLmcxLnloZy5sYi5zaW5hbm9kZS5jb20=
167966 DEBUG [2015-10-17 14:55:38]  SINA-TS:MjRjMWMzNjggMCAwIDAgOCA0Ngo=
167966 DEBUG [2015-10-17 14:55:38]  SINA-LB:aGEuMTY5LmcxLmh5ZHMubGIuc2luYW5vZGUuY29t
167966 DEBUG [2015-10-17 14:55:38]  SINA-TS:OTUwOWMzNjggMCAzNiAzNiA0IDk3Cg==
167967 DEBUG [2015-10-17 14:55:38]  {"statuses":[{"created_at":"Wed Oct 14 09:46:12 +0800 2015","id":"3897782265943697","mid":"3897782265943697","idstr":"3897782265943697","text":"\u53bb\u54ea\u513f\u793c\u5305\u9650\u65f6\u653e\u9001\uff0c\u4ea4\u901a\u51fa\u884c\u3001\u9152\u5e97\u4f4f\u5bbf\u3001\u65c5\u6e38\u666f\u70b9\u90fd\u80fd\u7528\uff01, http:\/\/t.cn\/Ry8ME66 http:\/\/t.cn\/R2WJpQF","source_allowclick":0,"source_type":1,"source":"<a href=\"http:\/\/app.weibo.com\/t\/feed\/2Do2XW\" rel=\"nofollow\">\u8054\u60f3\u667a\u80fd\u624b\u673a\u5ba2\u6237\u7aef<\/a>","favorited":false,"truncated":false,"in_reply_to_status_id":"","in_reply_to_user_id":"","in_reply_to_screen_name":"","pic_ids":[],"geo":{"type":"Point","coordinates":[22.52061,113.92268]},"user":{"id":"3376336970","idstr":"3376336970","class":1,"screen_name":"\u653e\u4e0d\u4e0b\u53ea\u662f\u4e00\u79cd\u5f3a\u8feb\u75c7","name":"\u653e\u4e0d\u4e0b\u53ea\u662f\u4e00\u79cd\u5f3a\u8feb\u75c7","province":"44","city":"4","location":"\u5e7f\u4e1c \u73e0\u6d77","description":"","url":"","profile_image_url":"http:\/\/tp3.sinaimg.cn\/3376336970\/50\/5673625712\/0","profile_url":"u\/3376336970","domain":"","weihao":"","gender":"f","followers_count":67,"friends_count":106,"pagefriends_count":0,"statuses_count":33,"favourites_count":97,"created_at":"Sun May 19 14:13:46 +0800 2013","following":false,"allow_all_act_msg":true,"geo_enabled":true,"verified":false,"verified_type":-1,"remark":"","ptype":0,"allow_all_comment":true,"avatar_large":"http:\/\/tp3.sinaimg.cn\/3376336970\/180\/5673625712\/0","avatar_hd":"http:\/\/ww1.sinaimg.cn\/crop.80.0.480.480.1024\/c93ed04ajw8e8fke6d5qhj20hs0dcmxl.jpg","verified_reason":"","verified_trade":"","verified_reason_url":"","verified_source":"","verified_source_url":"","follow_me":false,"online_status":0,"bi_followers_count":4,"lang":"zh-cn","star":0,"mbtype":0,"mbrank":0,"block_word":0,"block_app":0,"level":1,"type":1,"ulevel":0,"badge":{"uc_domain":0,"enterprise":0,"anniversary":0,"taobao":0,"travel2013":0,"gongyi":0,"gongyi_level":0,"bind_taobao":0,"hongbao_2014":0,"suishoupai_2014":0,"dailv":0,"zongyiji":0,"pzsd_2015":0,"shuang11_2015":0},"badge_top":"","has_ability_tag":0,"extend":{"privacy":{"mobile":1},"mbprivilege":"0000000000000000000000000000000000000000000000000000000000000000"},"credit_score":80,"user_ability":0,"urank":15},"annotations":[{"shooting":1,"place":{"lon":113.92268,"poiid":"8008644030500000019","title":"\u5357\u6cb9","type":"checkin","lat":22.52061},"client_mblogid":"78d41e12-0eca-45cd-94c1-2bfae226a8a6"},{"mapi_request":true}],"reposts_count":0,"comments_count":0,"attitudes_count":0,"mlevel":0,"visible":{"type":0,"list_id":0},"biz_ids":[100101],"biz_feature":0,"url_objects":[{"url_ori":"http:\/\/t.cn\/Ry8ME66","info":{"url_short":"http:\/\/t.cn\/Ry8ME66","url_long":"http:\/\/touch.qunar.com\/h5\/red\/q10000giftpackred?bd_source=dalibao_gongxiang","type":0,"result":true,"title":"","description":"","last_modified":1444380706,"transcode":0},"like_count":0,"follower_count":0,"asso_like_count":0,"card_info_un_integrity":false},{"url_ori":"http:\/\/t.cn\/R2WJpQF","object_id":"1022:1001018008644030500000019","info":{"url_short":"http:\/\/t.cn\/R2WJpQF","url_long":"http:\/\/weibo.com\/p\/1001018008644030500000019","type":36,"result":true,"title":"","description":"","last_modified":1445036361,"transcode":0},"object":{"object_id":"1022:1001018008644030500000019","containerid":"1001018008644030500000019","object_domain_id":"1022","object_type":"place","safe_status":1,"show_status":"10","act_status":"00","last_modified":"Sat Oct 17 06:59:20 CST 2015","timestamp":1445036360862,"uuid":3852495859276987,"activate_status":"0","object":{"summary":"\u4f4d\u4e8e\u6df1\u5733\u5e02\u5357\u5c71\u533a","image":{"width":"88","url":"http:\/\/u1.sinaimg.cn\/upload\/lbs\/SQ\/268_1.jpg","height":"88"},"biz":{"biz_id":"100101","containerid":"1001018008644030500000019"},"address":{"country":"\u4e2d\u56fd","street_address":"\u4f4d\u4e8e\u6df1\u5733\u5e02\u5357\u5c71\u533a","formatted":"\u4f4d\u4e8e\u6df1\u5733\u5e02\u5357\u5c71\u533a","locality":"\u6df1\u5733\u5e02","telephone":"","fax":"","postal_code":"","region":"\u5e7f\u4e1c\u7701","email":""},"object_type":"place","target_url":"http:\/\/weibo.cn\/pages\/1001018008644030500000019","mobile":{"page_id":"1001018008644030500000019","card":{"scheme":"sinaweibo:\/\/pageinfo?pageid=1001018008644030500000019&title=\u5546\u5708","contents":["\u6df1\u5733\u00b7\u5357\u6cb9","\u4f4d\u4e8e\u6df1\u5733\u5e02\u5357\u5c71\u533a","56887\u6761\u5fae\u535a"],"is_asyn":0,"pic":"http:\/\/u1.sinaimg.cn\/upload\/lbs\/SQ\/268_1.jpg","type":0,"status":1},"url":{"scheme":"sinaweibo:\/\/pageinfo?pageid=1001018008644030500000019&title=\u5546\u5708","name":"\u6df1\u5733\u00b7\u5357\u6cb9","status":1}},"id":"1022:1001018008644030500000019","position":"22.51918 113.930008","display_name":"\u6df1\u5733\u00b7\u5357\u6cb9","keyword":"\u6df1\u5733\u00b7\u5357\u6cb9[\u5730\u70b9]","url":"http:\/\/weibo.cn\/pages\/1001018008644030500000019"}},"like_count":51,"follower_count":0,"asso_like_count":0,"card_info_un_integrity":false}],"darwin_tags":[],"rid":"0_0_100101_2666480649889911945","userType":0}],"total_number":"1","states":[{"id":"3897782265943697","state":0}]}

170970 DEBUG [2015-10-17 14:55:41]  Request:
170970 DEBUG [2015-10-17 14:55:41]  GET:https://api.weibo.com/2/place/user_timeline.json
170973 DEBUG [2015-10-17 14:55:41]  Authorization: OAuth2 2.00MwABsB9TIv1E0597ad0e1c0soZTm
170973 DEBUG [2015-10-17 14:55:41]  API-RemoteIP: 192.168.1.34
171442 DEBUG [2015-10-17 14:55:42]  Response:
171442 DEBUG [2015-10-17 14:55:42]  https StatusCode:200
171442 DEBUG [2015-10-17 14:55:42]  Server:nginx/1.6.1
171442 DEBUG [2015-10-17 14:55:42]  Date:Sat, 17 Oct 2015 12:55:40 GMT
171443 DEBUG [2015-10-17 14:55:42]  Content-Type:text/html;charset=utf-8
171443 DEBUG [2015-10-17 14:55:42]  Content-Length:2
171443 DEBUG [2015-10-17 14:55:42]  Connection:keep-alive
171444 DEBUG [2015-10-17 14:55:42]  SINA-LB:aGEuNDkuZzEueWhnLmxiLnNpbmFub2RlLmNvbQ==
171444 DEBUG [2015-10-17 14:55:42]  SINA-TS:MjVjMWMzNjggMCAwIDAgNyAyNAo=
171444 DEBUG [2015-10-17 14:55:42]  SINA-LB:aGEuMTY4LmcxLmh5ZHMubGIuc2luYW5vZGUuY29t
171444 DEBUG [2015-10-17 14:55:42]  SINA-TS:OTQwOWMzNjggMCAzNyAzNyA0IDc3Cg==
171445 DEBUG [2015-10-17 14:55:42]  []

